<?xml version="1.0" encoding="UTF-8"?>
<!-- Generated by org.testng.reporters.JUnitReportReporter -->
<testsuite hostname="BXLQTBIKINAKQPT" failures="0" tests="9" name="runnerfiles.RunnerClass$runnerfiles" time="246.664" errors="0" timestamp="2023-02-17T13:56:40 IST" skipped="0">
  <testcase classname="runnerfiles.RunnerClass$runnerfiles" name="runScenario" time="26.143"/>
  <system-out/>
  <testcase classname="runnerfiles.RunnerClass$runnerfiles" name="runScenario" time="26.161"/>
  <system-out/>
  <testcase classname="runnerfiles.RunnerClass$runnerfiles" name="runScenario" time="37.813"/>
  <system-out/>
  <testcase classname="runnerfiles.RunnerClass$runnerfiles" name="runScenario" time="25.130"/>
  <system-out/>
  <testcase classname="runnerfiles.RunnerClass$runnerfiles" name="runScenario" time="26.153"/>
  <system-out/>
  <testcase classname="runnerfiles.RunnerClass$runnerfiles" name="runScenario" time="26.515"/>
  <system-out/>
  <testcase classname="runnerfiles.RunnerClass$runnerfiles" name="runScenario" time="26.174"/>
  <system-out/>
  <testcase classname="runnerfiles.RunnerClass$runnerfiles" name="runScenario" time="26.153"/>
  <system-out/>
  <testcase classname="runnerfiles.RunnerClass$runnerfiles" name="runScenario" time="26.422"/>
  <system-out/>
</testsuite> <!-- runnerfiles.RunnerClass$runnerfiles -->
