<?xml version="1.0" encoding="UTF-8"?>
<!-- Generated by org.testng.reporters.JUnitReportReporter -->
<testsuite hostname="BXLQTBIKINAKQPT" failures="2" tests="4" name="runnerfiles.RunnerClass$runnerfiles" time="122.022" errors="0" timestamp="2023-02-07T08:55:51 IST" skipped="0">
  <testcase classname="runnerfiles.RunnerClass$runnerfiles" name="runScenario" time="30.434">
    <failure message="expected [Pears] but found [Pomegranate]" type="java.lang.AssertionError">
      <![CDATA[java.lang.AssertionError: expected [Pears] but found [Pomegranate]
at org.testng.Assert.fail(Assert.java:110)
at org.testng.Assert.failNotEquals(Assert.java:1577)
at org.testng.Assert.assertEqualsImpl(Assert.java:149)
at org.testng.Assert.assertEquals(Assert.java:131)
at org.testng.Assert.assertEquals(Assert.java:655)
at org.testng.Assert.assertEquals(Assert.java:665)
at stepdefinitions.PlaceOrder.check_whether_items_passed_to_scenario_and_properly_added(PlaceOrder.java:42)
at ✽.check whether items passed to scenario and properly added(file:///C:/Users/kowshik%20bikkina/eclipse-workspace/CucumberWithDepInjection/src/test/java/features/AddItems.feature:13)
]]>
    </failure>
  </testcase> <!-- runScenario -->
  <system-out/>
  <testcase classname="runnerfiles.RunnerClass$runnerfiles" name="runScenario" time="31.047">
    <failure message="expected [Brocolli] but found [Almonds]" type="java.lang.AssertionError">
      <![CDATA[java.lang.AssertionError: expected [Brocolli] but found [Almonds]
at org.testng.Assert.fail(Assert.java:110)
at org.testng.Assert.failNotEquals(Assert.java:1577)
at org.testng.Assert.assertEqualsImpl(Assert.java:149)
at org.testng.Assert.assertEquals(Assert.java:131)
at org.testng.Assert.assertEquals(Assert.java:655)
at org.testng.Assert.assertEquals(Assert.java:665)
at stepdefinitions.PlaceOrder.check_whether_items_passed_to_scenario_and_properly_added(PlaceOrder.java:42)
at ✽.check whether items passed to scenario and properly added(file:///C:/Users/kowshik%20bikkina/eclipse-workspace/CucumberWithDepInjection/src/test/java/features/AddItems.feature:13)
]]>
    </failure>
  </testcase> <!-- runScenario -->
  <system-out/>
  <testcase classname="runnerfiles.RunnerClass$runnerfiles" name="runScenario" time="30.292"/>
  <system-out/>
  <testcase classname="runnerfiles.RunnerClass$runnerfiles" name="runScenario" time="30.249"/>
  <system-out/>
</testsuite> <!-- runnerfiles.RunnerClass$runnerfiles -->
