<?xml version="1.0" encoding="UTF-8"?>
<!-- Generated by org.testng.reporters.JUnitReportReporter -->
<testsuite hostname="BXLQTBIKINAKQPT" failures="0" tests="9" name="runnerfiles.RunnerClass$runnerfiles" time="126.531" errors="0" timestamp="2023-02-18T11:22:06 IST" skipped="0">
  <testcase classname="runnerfiles.RunnerClass$runnerfiles" name="runScenario" time="10.256"/>
  <system-out/>
  <testcase classname="runnerfiles.RunnerClass$runnerfiles" name="runScenario" time="8.914"/>
  <system-out/>
  <testcase classname="runnerfiles.RunnerClass$runnerfiles" name="runScenario" time="12.747"/>
  <system-out/>
  <testcase classname="runnerfiles.RunnerClass$runnerfiles" name="runScenario" time="18.218"/>
  <system-out/>
  <testcase classname="runnerfiles.RunnerClass$runnerfiles" name="runScenario" time="37.155"/>
  <system-out/>
  <testcase classname="runnerfiles.RunnerClass$runnerfiles" name="runScenario" time="9.814"/>
  <system-out/>
  <testcase classname="runnerfiles.RunnerClass$runnerfiles" name="runScenario" time="8.867"/>
  <system-out/>
  <testcase classname="runnerfiles.RunnerClass$runnerfiles" name="runScenario" time="12.449"/>
  <system-out/>
  <testcase classname="runnerfiles.RunnerClass$runnerfiles" name="runScenario" time="8.111"/>
  <system-out/>
</testsuite> <!-- runnerfiles.RunnerClass$runnerfiles -->
