<?xml version="1.0" encoding="UTF-8"?>
<!-- Generated by org.testng.reporters.JUnitReportReporter -->
<testsuite hostname="BXLQTBIKKINAKQP" failures="2" tests="4" name="runnerfiles.RunnerClass$runnerfiles" time="20.376" errors="0" timestamp="2023-02-02T09:14:48 IST" skipped="0">
  <testcase classname="runnerfiles.RunnerClass$runnerfiles" name="runScenario" time="5.204"/>
  <system-out/>
  <testcase classname="runnerfiles.RunnerClass$runnerfiles" name="runScenario" time="4.858">
    <failure message="expected [https://rahulshettyacademy.com/seleniumPractise/#/cart] but found [https://rahulshettyacademy.com/seleniumPractise/#/country]" type="java.lang.AssertionError">
      <![CDATA[java.lang.AssertionError: expected [https://rahulshettyacademy.com/seleniumPractise/#/cart] but found [https://rahulshettyacademy.com/seleniumPractise/#/country]
at org.testng.Assert.fail(Assert.java:110)
at org.testng.Assert.failNotEquals(Assert.java:1577)
at org.testng.Assert.assertEqualsImpl(Assert.java:149)
at org.testng.Assert.assertEquals(Assert.java:131)
at org.testng.Assert.assertEquals(Assert.java:655)
at org.testng.Assert.assertEquals(Assert.java:665)
at pageObjects.SelectCountryElements.checkCurrentpageUrl(SelectCountryElements.java:28)
at stepdefinitions.SelectCountry.check_whether_user_landed_or_select_country_page(SelectCountry.java:20)
at ✽.check whether user landed or select country page(file:///C:/Users/bikkinak.qpt/eclipse-workspace/CucumberWithDepInjection/src/test/java/features/AddItems.feature:15)
]]>
    </failure>
  </testcase> <!-- runScenario -->
  <system-out/>
  <testcase classname="runnerfiles.RunnerClass$runnerfiles" name="runScenario" time="5.149"/>
  <system-out/>
  <testcase classname="runnerfiles.RunnerClass$runnerfiles" name="runScenario" time="5.165">
    <failure message="expected [https://rahulshettyacademy.com/seleniumPractise/#/cart] but found [https://rahulshettyacademy.com/seleniumPractise/#/country]" type="java.lang.AssertionError">
      <![CDATA[java.lang.AssertionError: expected [https://rahulshettyacademy.com/seleniumPractise/#/cart] but found [https://rahulshettyacademy.com/seleniumPractise/#/country]
at org.testng.Assert.fail(Assert.java:110)
at org.testng.Assert.failNotEquals(Assert.java:1577)
at org.testng.Assert.assertEqualsImpl(Assert.java:149)
at org.testng.Assert.assertEquals(Assert.java:131)
at org.testng.Assert.assertEquals(Assert.java:655)
at org.testng.Assert.assertEquals(Assert.java:665)
at pageObjects.SelectCountryElements.checkCurrentpageUrl(SelectCountryElements.java:28)
at stepdefinitions.SelectCountry.check_whether_user_landed_or_select_country_page(SelectCountry.java:20)
at ✽.check whether user landed or select country page(file:///C:/Users/bikkinak.qpt/eclipse-workspace/CucumberWithDepInjection/src/test/java/features/AddItems.feature:15)
]]>
    </failure>
  </testcase> <!-- runScenario -->
  <system-out/>
</testsuite> <!-- runnerfiles.RunnerClass$runnerfiles -->
