<?xml version="1.0" encoding="UTF-8"?>
<!-- Generated by org.testng.reporters.JUnitReportReporter -->
<testsuite hostname="BXLQTBIKKINAKQP" failures="0" tests="4" name="runnerfiles.RunnerClass$runnerfiles" time="23.441" errors="0" timestamp="2023-02-05T15:53:15 IST" skipped="0">
  <testcase classname="runnerfiles.RunnerClass$runnerfiles" name="runScenario" time="6.417"/>
  <system-out/>
  <testcase classname="runnerfiles.RunnerClass$runnerfiles" name="runScenario" time="5.554"/>
  <system-out/>
  <testcase classname="runnerfiles.RunnerClass$runnerfiles" name="runScenario" time="5.700"/>
  <system-out/>
  <testcase classname="runnerfiles.RunnerClass$runnerfiles" name="runScenario" time="5.770"/>
  <system-out/>
</testsuite> <!-- runnerfiles.RunnerClass$runnerfiles -->
